# JRE version: OpenJDK Runtime Environment Temurin-17.0.12+7 (17.0.12+7) (build 17.0.12+7)
# Java VM: OpenJDK 64-Bit Server VM Temurin-17.0.12+7 (17.0.12+7, mixed mode, tiered, compressed oops, compressed class ptrs, parallel gc, windows-amd64)
GC Precious Log:
 CPUs: 12 total, 12 available
 Memory: 7521M
 Large Page Support: Disabled
 NUMA Support: Disabled
 Compressed Oops: Enabled (32-bit)
 Alignments: Space 512K, Generation 512K, Heap 2M
 Heap Min Capacity: 100M
 Heap Initial Capacity: 100M
 Heap Max Capacity: 1G
 Pre-touch: Disabled
 Parallel Workers: 10
Heap:
 PSYoungGen      total 22016K, used 19603K [0x00000000eab00000, 0x00000000ec600000, 0x0000000100000000)
  eden space 21504K, 88% used [0x00000000eab00000,0x00000000ebda8c40,0x00000000ec000000)
  from space 512K, 96% used [0x00000000ec500000,0x00000000ec57c030,0x00000000ec580000)
  to   space 3072K, 0% used [0x00000000ec000000,0x00000000ec000000,0x00000000ec300000)
 ParOldGen       total 68608K, used 36229K [0x00000000c0000000, 0x00000000c4300000, 0x00000000eab00000)
  object space 68608K, 52% used [0x00000000c0000000,0x00000000c23617d8,0x00000000c4300000)
 Metaspace       used 49981K, committed 50816K, reserved 1114112K
  class space    used 5064K, committed 5440K, reserved 1048576K
GC Heap History (20 events):
Event: 6.311 GC heap before
{Heap before GC invocations=19 (full 2):
 PSYoungGen      total 23552K, used 23552K [0x00000000eab00000, 0x00000000ec580000, 0x0000000100000000)
  eden space 21504K, 100% used [0x00000000eab00000,0x00000000ec000000,0x00000000ec000000)
  from space 2048K, 100% used [0x00000000ec280000,0x00000000ec480000,0x00000000ec480000)
  to   space 2560K, 0% used [0x00000000ec000000,0x00000000ec000000,0x00000000ec280000)
 ParOldGen       total 68608K, used 21390K [0x00000000c0000000, 0x00000000c4300000, 0x00000000eab00000)
  object space 68608K, 31% used [0x00000000c0000000,0x00000000c14e3890,0x00000000c4300000)
 Metaspace       used 41099K, committed 41856K, reserved 1114112K
  class space    used 4265K, committed 4608K, reserved 1048576K
}
Event: 6.315 GC heap after
{Heap after GC invocations=19 (full 2):
 PSYoungGen      total 24064K, used 2363K [0x00000000eab00000, 0x00000000ec500000, 0x0000000100000000)
  eden space 21504K, 0% used [0x00000000eab00000,0x00000000eab00000,0x00000000ec000000)
  from space 2560K, 92% used [0x00000000ec000000,0x00000000ec24eec0,0x00000000ec280000)
  to   space 2560K, 0% used [0x00000000ec280000,0x00000000ec280000,0x00000000ec500000)
 ParOldGen       total 68608K, used 23278K [0x00000000c0000000, 0x00000000c4300000, 0x00000000eab00000)
  object space 68608K, 33% used [0x00000000c0000000,0x00000000c16bb890,0x00000000c4300000)
 Metaspace       used 41099K, committed 41856K, reserved 1114112K
  class space    used 4265K, committed 4608K, reserved 1048576K
}
Event: 6.372 GC heap before
{Heap before GC invocations=20 (full 2):
 PSYoungGen      total 24064K, used 23867K [0x00000000eab00000, 0x00000000ec500000, 0x0000000100000000)
  eden space 21504K, 100% used [0x00000000eab00000,0x00000000ec000000,0x00000000ec000000)
  from space 2560K, 92% used [0x00000000ec000000,0x00000000ec24eec0,0x00000000ec280000)
  to   space 2560K, 0% used [0x00000000ec280000,0x00000000ec280000,0x00000000ec500000)
 ParOldGen       total 68608K, used 23278K [0x00000000c0000000, 0x00000000c4300000, 0x00000000eab00000)
  object space 68608K, 33% used [0x00000000c0000000,0x00000000c16bb890,0x00000000c4300000)
 Metaspace       used 41218K, committed 41984K, reserved 1114112K
  class space    used 4275K, committed 4608K, reserved 1048576K
}
Event: 6.378 GC heap after
{Heap after GC invocations=20 (full 2):
 PSYoungGen      total 23552K, used 1664K [0x00000000eab00000, 0x00000000ec480000, 0x0000000100000000)
  eden space 21504K, 0% used [0x00000000eab00000,0x00000000eab00000,0x00000000ec000000)
  from space 2048K, 81% used [0x00000000ec280000,0x00000000ec420000,0x00000000ec480000)
  to   space 2048K, 0% used [0x00000000ec080000,0x00000000ec080000,0x00000000ec280000)
 ParOldGen       total 68608K, used 25396K [0x00000000c0000000, 0x00000000c4300000, 0x00000000eab00000)
  object space 68608K, 37% used [0x00000000c0000000,0x00000000c18cd120,0x00000000c4300000)
 Metaspace       used 41218K, committed 41984K, reserved 1114112K
  class space    used 4275K, committed 4608K, reserved 1048576K
}
Event: 6.874 GC heap before
{Heap before GC invocations=21 (full 2):
 PSYoungGen      total 23552K, used 23168K [0x00000000eab00000, 0x00000000ec480000, 0x0000000100000000)
  eden space 21504K, 100% used [0x00000000eab00000,0x00000000ec000000,0x00000000ec000000)
  from space 2048K, 81% used [0x00000000ec280000,0x00000000ec420000,0x00000000ec480000)
  to   space 2048K, 0% used [0x00000000ec080000,0x00000000ec080000,0x00000000ec280000)
 ParOldGen       total 68608K, used 25396K [0x00000000c0000000, 0x00000000c4300000, 0x00000000eab00000)
  object space 68608K, 37% used [0x00000000c0000000,0x00000000c18cd120,0x00000000c4300000)
 Metaspace       used 42643K, committed 43456K, reserved 1114112K
  class space    used 4400K, committed 4736K, reserved 1048576K
}
Event: 6.880 GC heap after
{Heap after GC invocations=21 (full 2):
 PSYoungGen      total 23552K, used 2033K [0x00000000eab00000, 0x00000000ecd00000, 0x0000000100000000)
  eden space 21504K, 0% used [0x00000000eab00000,0x00000000eab00000,0x00000000ec000000)
  from space 2048K, 99% used [0x00000000ec080000,0x00000000ec27c510,0x00000000ec280000)
  to   space 6656K, 0% used [0x00000000ec680000,0x00000000ec680000,0x00000000ecd00000)
 ParOldGen       total 68608K, used 28852K [0x00000000c0000000, 0x00000000c4300000, 0x00000000eab00000)
  object space 68608K, 42% used [0x00000000c0000000,0x00000000c1c2d130,0x00000000c4300000)
 Metaspace       used 42643K, committed 43456K, reserved 1114112K
  class space    used 4400K, committed 4736K, reserved 1048576K
}
Event: 7.051 GC heap before
{Heap before GC invocations=22 (full 2):
 PSYoungGen      total 23552K, used 23491K [0x00000000eab00000, 0x00000000ecd00000, 0x0000000100000000)
  eden space 21504K, 99% used [0x00000000eab00000,0x00000000ebff49a0,0x00000000ec000000)
  from space 2048K, 99% used [0x00000000ec080000,0x00000000ec27c510,0x00000000ec280000)
  to   space 6656K, 0% used [0x00000000ec680000,0x00000000ec680000,0x00000000ecd00000)
 ParOldGen       total 68608K, used 28852K [0x00000000c0000000, 0x00000000c4300000, 0x00000000eab00000)
  object space 68608K, 42% used [0x00000000c0000000,0x00000000c1c2d130,0x00000000c4300000)
 Metaspace       used 43750K, committed 44544K, reserved 1114112K
  class space    used 4497K, committed 4864K, reserved 1048576K
}
Event: 7.056 GC heap after
{Heap after GC invocations=22 (full 2):
 PSYoungGen      total 23552K, used 1560K [0x00000000eab00000, 0x00000000ec880000, 0x0000000100000000)
  eden space 21504K, 0% used [0x00000000eab00000,0x00000000eab00000,0x00000000ec000000)
  from space 2048K, 76% used [0x00000000ec680000,0x00000000ec806138,0x00000000ec880000)
  to   space 3072K, 0% used [0x00000000ec280000,0x00000000ec280000,0x00000000ec580000)
 ParOldGen       total 68608K, used 30879K [0x00000000c0000000, 0x00000000c4300000, 0x00000000eab00000)
  object space 68608K, 45% used [0x00000000c0000000,0x00000000c1e27de8,0x00000000c4300000)
 Metaspace       used 43750K, committed 44544K, reserved 1114112K
  class space    used 4497K, committed 4864K, reserved 1048576K
}
Event: 7.130 GC heap before
{Heap before GC invocations=23 (full 2):
 PSYoungGen      total 23552K, used 23064K [0x00000000eab00000, 0x00000000ec880000, 0x0000000100000000)
  eden space 21504K, 100% used [0x00000000eab00000,0x00000000ec000000,0x00000000ec000000)
  from space 2048K, 76% used [0x00000000ec680000,0x00000000ec806138,0x00000000ec880000)
  to   space 3072K, 0% used [0x00000000ec280000,0x00000000ec280000,0x00000000ec580000)
 ParOldGen       total 68608K, used 30879K [0x00000000c0000000, 0x00000000c4300000, 0x00000000eab00000)
  object space 68608K, 45% used [0x00000000c0000000,0x00000000c1e27de8,0x00000000c4300000)
 Metaspace       used 44137K, committed 44928K, reserved 1114112K
  class space    used 4518K, committed 4864K, reserved 1048576K
}
Event: 7.131 GC heap after
{Heap after GC invocations=23 (full 2):
 PSYoungGen      total 24576K, used 320K [0x00000000eab00000, 0x00000000ec700000, 0x0000000100000000)
  eden space 21504K, 0% used [0x00000000eab00000,0x00000000eab00000,0x00000000ec000000)
  from space 3072K, 10% used [0x00000000ec280000,0x00000000ec2d0010,0x00000000ec580000)
  to   space 1024K, 0% used [0x00000000ec600000,0x00000000ec600000,0x00000000ec700000)
 ParOldGen       total 68608K, used 31055K [0x00000000c0000000, 0x00000000c4300000, 0x00000000eab00000)
  object space 68608K, 45% used [0x00000000c0000000,0x00000000c1e53de8,0x00000000c4300000)
 Metaspace       used 44137K, committed 44928K, reserved 1114112K
  class space    used 4518K, committed 4864K, reserved 1048576K
}
Event: 7.418 GC heap before
{Heap before GC invocations=24 (full 2):
 PSYoungGen      total 24576K, used 21824K [0x00000000eab00000, 0x00000000ec700000, 0x0000000100000000)
  eden space 21504K, 100% used [0x00000000eab00000,0x00000000ec000000,0x00000000ec000000)
  from space 3072K, 10% used [0x00000000ec280000,0x00000000ec2d0010,0x00000000ec580000)
  to   space 1024K, 0% used [0x00000000ec600000,0x00000000ec600000,0x00000000ec700000)
 ParOldGen       total 68608K, used 31055K [0x00000000c0000000, 0x00000000c4300000, 0x00000000eab00000)
  object space 68608K, 45% used [0x00000000c0000000,0x00000000c1e53de8,0x00000000c4300000)
 Metaspace       used 45866K, committed 46720K, reserved 1114112K
  class space    used 4655K, committed 5056K, reserved 1048576K
}
Event: 7.419 GC heap after
{Heap after GC invocations=24 (full 2):
 PSYoungGen      total 22528K, used 1017K [0x00000000eab00000, 0x00000000ec700000, 0x0000000100000000)
  eden space 21504K, 0% used [0x00000000eab00000,0x00000000eab00000,0x00000000ec000000)
  from space 1024K, 99% used [0x00000000ec600000,0x00000000ec6fe490,0x00000000ec700000)
  to   space 2560K, 0% used [0x00000000ec200000,0x00000000ec200000,0x00000000ec480000)
 ParOldGen       total 68608K, used 31900K [0x00000000c0000000, 0x00000000c4300000, 0x00000000eab00000)
  object space 68608K, 46% used [0x00000000c0000000,0x00000000c1f272f8,0x00000000c4300000)
 Metaspace       used 45866K, committed 46720K, reserved 1114112K
  class space    used 4655K, committed 5056K, reserved 1048576K
}
Event: 7.587 GC heap before
{Heap before GC invocations=25 (full 2):
 PSYoungGen      total 22528K, used 22521K [0x00000000eab00000, 0x00000000ec700000, 0x0000000100000000)
  eden space 21504K, 100% used [0x00000000eab00000,0x00000000ec000000,0x00000000ec000000)
  from space 1024K, 99% used [0x00000000ec600000,0x00000000ec6fe490,0x00000000ec700000)
  to   space 2560K, 0% used [0x00000000ec200000,0x00000000ec200000,0x00000000ec480000)
 ParOldGen       total 68608K, used 31900K [0x00000000c0000000, 0x00000000c4300000, 0x00000000eab00000)
  object space 68608K, 46% used [0x00000000c0000000,0x00000000c1f272f8,0x00000000c4300000)
 Metaspace       used 46896K, committed 47744K, reserved 1114112K
  class space    used 4766K, committed 5184K, reserved 1048576K
}
Event: 7.589 GC heap after
{Heap after GC invocations=25 (full 2):
 PSYoungGen      total 24064K, used 1024K [0x00000000eab00000, 0x00000000ec680000, 0x0000000100000000)
  eden space 21504K, 0% used [0x00000000eab00000,0x00000000eab00000,0x00000000ec000000)
  from space 2560K, 40% used [0x00000000ec200000,0x00000000ec300050,0x00000000ec480000)
  to   space 1536K, 0% used [0x00000000ec500000,0x00000000ec500000,0x00000000ec680000)
 ParOldGen       total 68608K, used 32834K [0x00000000c0000000, 0x00000000c4300000, 0x00000000eab00000)
  object space 68608K, 47% used [0x00000000c0000000,0x00000000c2010a00,0x00000000c4300000)
 Metaspace       used 46896K, committed 47744K, reserved 1114112K
  class space    used 4766K, committed 5184K, reserved 1048576K
}
Event: 7.670 GC heap before
{Heap before GC invocations=26 (full 2):
 PSYoungGen      total 24064K, used 22528K [0x00000000eab00000, 0x00000000ec680000, 0x0000000100000000)
  eden space 21504K, 100% used [0x00000000eab00000,0x00000000ec000000,0x00000000ec000000)
  from space 2560K, 40% used [0x00000000ec200000,0x00000000ec300050,0x00000000ec480000)
  to   space 1536K, 0% used [0x00000000ec500000,0x00000000ec500000,0x00000000ec680000)
 ParOldGen       total 68608K, used 32834K [0x00000000c0000000, 0x00000000c4300000, 0x00000000eab00000)
  object space 68608K, 47% used [0x00000000c0000000,0x00000000c2010a00,0x00000000c4300000)
 Metaspace       used 47314K, committed 48128K, reserved 1114112K
  class space    used 4795K, committed 5184K, reserved 1048576K
}
Event: 7.672 GC heap after
{Heap after GC invocations=26 (full 2):
 PSYoungGen      total 22528K, used 592K [0x00000000eab00000, 0x00000000ec600000, 0x0000000100000000)
  eden space 21504K, 0% used [0x00000000eab00000,0x00000000eab00000,0x00000000ec000000)
  from space 1024K, 57% used [0x00000000ec500000,0x00000000ec594018,0x00000000ec600000)
  to   space 1024K, 0% used [0x00000000ec400000,0x00000000ec400000,0x00000000ec500000)
 ParOldGen       total 68608K, used 33627K [0x00000000c0000000, 0x00000000c4300000, 0x00000000eab00000)
  object space 68608K, 49% used [0x00000000c0000000,0x00000000c20d6e50,0x00000000c4300000)
 Metaspace       used 47314K, committed 48128K, reserved 1114112K
  class space    used 4795K, committed 5184K, reserved 1048576K
}
Event: 7.740 GC heap before
{Heap before GC invocations=27 (full 2):
 PSYoungGen      total 22528K, used 22096K [0x00000000eab00000, 0x00000000ec600000, 0x0000000100000000)
  eden space 21504K, 100% used [0x00000000eab00000,0x00000000ec000000,0x00000000ec000000)
  from space 1024K, 57% used [0x00000000ec500000,0x00000000ec594018,0x00000000ec600000)
  to   space 1024K, 0% used [0x00000000ec400000,0x00000000ec400000,0x00000000ec500000)
 ParOldGen       total 68608K, used 33627K [0x00000000c0000000, 0x00000000c4300000, 0x00000000eab00000)
  object space 68608K, 49% used [0x00000000c0000000,0x00000000c20d6e50,0x00000000c4300000)
 Metaspace       used 47476K, committed 48256K, reserved 1114112K
  class space    used 4814K, committed 5184K, reserved 1048576K
}
Event: 7.743 GC heap after
{Heap after GC invocations=27 (full 2):
 PSYoungGen      total 22528K, used 1024K [0x00000000eab00000, 0x00000000ec580000, 0x0000000100000000)
  eden space 21504K, 0% used [0x00000000eab00000,0x00000000eab00000,0x00000000ec000000)
  from space 1024K, 100% used [0x00000000ec400000,0x00000000ec500000,0x00000000ec500000)
  to   space 512K, 0% used [0x00000000ec500000,0x00000000ec500000,0x00000000ec580000)
 ParOldGen       total 68608K, used 34051K [0x00000000c0000000, 0x00000000c4300000, 0x00000000eab00000)
  object space 68608K, 49% used [0x00000000c0000000,0x00000000c2140e58,0x00000000c4300000)
 Metaspace       used 47476K, committed 48256K, reserved 1114112K
  class space    used 4814K, committed 5184K, reserved 1048576K
}
Event: 7.990 GC heap before
{Heap before GC invocations=28 (full 2):
 PSYoungGen      total 22528K, used 22528K [0x00000000eab00000, 0x00000000ec580000, 0x0000000100000000)
  eden space 21504K, 100% used [0x00000000eab00000,0x00000000ec000000,0x00000000ec000000)
  from space 1024K, 100% used [0x00000000ec400000,0x00000000ec500000,0x00000000ec500000)
  to   space 512K, 0% used [0x00000000ec500000,0x00000000ec500000,0x00000000ec580000)
 ParOldGen       total 68608K, used 34051K [0x00000000c0000000, 0x00000000c4300000, 0x00000000eab00000)
  object space 68608K, 49% used [0x00000000c0000000,0x00000000c2140e58,0x00000000c4300000)
 Metaspace       used 48567K, committed 49344K, reserved 1114112K
  class space    used 4929K, committed 5312K, reserved 1048576K
}
Event: 7.993 GC heap after
{Heap after GC invocations=28 (full 2):
 PSYoungGen      total 22016K, used 496K [0x00000000eab00000, 0x00000000ec600000, 0x0000000100000000)
  eden space 21504K, 0% used [0x00000000eab00000,0x00000000eab00000,0x00000000ec000000)
  from space 512K, 96% used [0x00000000ec500000,0x00000000ec57c030,0x00000000ec580000)
  to   space 3072K, 0% used [0x00000000ec000000,0x00000000ec000000,0x00000000ec300000)
 ParOldGen       total 68608K, used 36229K [0x00000000c0000000, 0x00000000c4300000, 0x00000000eab00000)
  object space 68608K, 52% used [0x00000000c0000000,0x00000000c23617d8,0x00000000c4300000)
 Metaspace       used 48567K, committed 49344K, reserved 1114112K
  class space    used 4929K, committed 5312K, reserved 1048576K
}

